Microsoft (R) Macro Assembler Version 14.33.31630.0	    11/07/22 22:32:39
NRN_Assignment5_1.asm					     Page 1 - 1


				; Nicole-Rene Newcomb's code for Assignment 5, problem 1

				; Program Description: multiply AX*26 using shifting/addition
				; Author: Nicole-Rene Newcomb
				; Creation Date: 10/24/2022

				.386
				.model flat,stdcall
				.stack 4096
				ExitProcess PROTO, dwExitCode:DWORD


 00000000			.code
 00000000			main PROC
 00000000  B8 00000000			mov eax, 0          ; clear register eax
 00000005  BB 00000000			mov ebx, 0          ; clear register ebx
 0000000A  BA 00000000			mov edx, 0          ; clear register edx
 0000000F  66| B8 000D			mov ax, 13          ; enter value into AX
 00000013  66| 8B D8			mov bx, ax          ; copy value to bx
 00000016  66| 8B D0			mov dx, ax          ; copy value to dx
 00000019  66| C1 E0 04			shl ax, 4           ; multiples ax value by 2^4 (16)
 0000001D  66| C1 E3 03			shl bx, 3           ; multiplies bx value by 2^3 (8)
 00000021  66| D1 E2			shl dx, 1           ; multiples dx value by 2^1 (2)
 00000024  66| 03 C3			add ax, bx          ; add bx to ax
 00000027  66| 03 C2			add ax, dx          ; add dx to ax - final total is original AX * 26

 0000002A			main ENDP
				END main
Microsoft (R) Macro Assembler Version 14.33.31630.0	    11/07/22 22:32:39
NRN_Assignment5_1.asm					     Symbols 2 - 1




Segments and Groups:

                N a m e                 Size     Length   Align   Combine Class

FLAT . . . . . . . . . . . . . .	GROUP
STACK  . . . . . . . . . . . . .	32 Bit	 00001000 DWord	  Stack	  'STACK'	 
_DATA  . . . . . . . . . . . . .	32 Bit	 00000000 DWord	  Public  'DATA'	
_TEXT  . . . . . . . . . . . . .	32 Bit	 0000002A DWord	  Public  'CODE'	


Procedures, parameters, and locals:

                N a m e                 Type     Value    Attr

ExitProcess  . . . . . . . . . .	P Near	 00000000 FLAT	Length= 00000000 External STDCALL
main . . . . . . . . . . . . . .	P Near	 00000000 _TEXT	Length= 0000002A Public STDCALL


Symbols:

                N a m e                 Type     Value    Attr

@CodeSize  . . . . . . . . . . .	Number	 00000000h   
@DataSize  . . . . . . . . . . .	Number	 00000000h   
@Interface . . . . . . . . . . .	Number	 00000003h   
@Model . . . . . . . . . . . . .	Number	 00000007h   
@code  . . . . . . . . . . . . .	Text   	 _TEXT
@data  . . . . . . . . . . . . .	Text   	 FLAT
@fardata?  . . . . . . . . . . .	Text   	 FLAT
@fardata . . . . . . . . . . . .	Text   	 FLAT
@stack . . . . . . . . . . . . .	Text   	 FLAT

	   0 Warnings
	   0 Errors
