Microsoft (R) Macro Assembler Version 14.33.31630.0	    10/04/22 23:48:47
NRN_Assignment3_2.asm					     Page 1 - 1


				; Nicole-Rene Newcomb's code for Assignment3, Problem 2.

				; Program Description: Calculates the sum of the gaps
				; between successive array elements in increasing order.
				; Author: Nicole-Rene Newcomb
				; Creation Date: 10/04/2022

				.386
				.model flat,stdcall
				.stack 4096
				ExitProcess PROTO, dwExitCode:DWORD

 00000000			.data
 00000000 00000000		increasingArray DWORD 0,2,5,9,10
	   00000002
	   00000005
	   00000009
	   0000000A
 00000014 00000000		gapSum DWORD ?

 00000000			.code
 00000000			main PROC
 00000000  BF 00000000 R	   mov edi, OFFSET increasingArray            ; sets edi to start of increasingArray
 00000005  B9 00000004		   mov ecx, (LENGTHOF increasingArray) - 1    ; sets ecx counter loop to 1 less than length
 0000000A  B8 00000000		   mov eax, 0                                 ; sets eax to zero before math functions
 0000000F			L1:
 0000000F  03 47 04		   add eax, [edi + TYPE increasingArray]      ; adds value of (increasingArray + 1 index space) from edi index location
 00000012  2B 07		   sub eax, [edi]                             ; subtracts increasingArray at edi index location
 00000014  83 C7 04		   add edi, TYPE increasingArray              ; moves edi to next index position of increasingArray
 00000017  E2 F6		   loop L1
 00000019  A3 00000014 R	   mov gapSum, eax                            ; moves sum of gap values to gapSum variable
				   INVOKE ExitProcess, 0
 0000001E  6A 00	   *	    push   +000000000h
 00000020  E8 00000000 E   *	    call   ExitProcess
 00000025			main ENDP
				END main
Microsoft (R) Macro Assembler Version 14.33.31630.0	    10/04/22 23:48:47
NRN_Assignment3_2.asm					     Symbols 2 - 1




Segments and Groups:

                N a m e                 Size     Length   Align   Combine Class

FLAT . . . . . . . . . . . . . .	GROUP
STACK  . . . . . . . . . . . . .	32 Bit	 00001000 DWord	  Stack	  'STACK'	 
_DATA  . . . . . . . . . . . . .	32 Bit	 00000018 DWord	  Public  'DATA'	
_TEXT  . . . . . . . . . . . . .	32 Bit	 00000025 DWord	  Public  'CODE'	


Procedures, parameters, and locals:

                N a m e                 Type     Value    Attr

ExitProcess  . . . . . . . . . .	P Near	 00000000 FLAT	Length= 00000000 External STDCALL
main . . . . . . . . . . . . . .	P Near	 00000000 _TEXT	Length= 00000025 Public STDCALL
  L1 . . . . . . . . . . . . . .	L Near	 0000000F _TEXT	


Symbols:

                N a m e                 Type     Value    Attr

@CodeSize  . . . . . . . . . . .	Number	 00000000h   
@DataSize  . . . . . . . . . . .	Number	 00000000h   
@Interface . . . . . . . . . . .	Number	 00000003h   
@Model . . . . . . . . . . . . .	Number	 00000007h   
@code  . . . . . . . . . . . . .	Text   	 _TEXT
@data  . . . . . . . . . . . . .	Text   	 FLAT
@fardata?  . . . . . . . . . . .	Text   	 FLAT
@fardata . . . . . . . . . . . .	Text   	 FLAT
@stack . . . . . . . . . . . . .	Text   	 FLAT
gapSum . . . . . . . . . . . . .	DWord	 00000014 _DATA	
increasingArray  . . . . . . . .	DWord	 00000000 _DATA	

	   0 Warnings
	   0 Errors
